{"/import/adams/2/z5364841/COMP1531/project-backend/src/auth.ts": {"path":"/import/adams/2/z5364841/COMP1531/project-backend/src/auth.ts","statementMap":{"0":{"start":{"line":1,"column":0},"end":{"line":1,"column":34}},"1":{"start":{"line":2,"column":0},"end":{"line":2,"column":47}},"2":{"start":{"line":3,"column":0},"end":{"line":3,"column":36}},"3":{"start":{"line":4,"column":0},"end":{"line":4,"column":28}},"4":{"start":{"line":17,"column":15},"end":{"line":17,"column":24}},"5":{"start":{"line":18,"column":2},"end":{"line":18,"column":30}},"6":{"start":{"line":19,"column":2},"end":{"line":26,"column":null}},"7":{"start":{"line":20,"column":4},"end":{"line":25,"column":null}},"8":{"start":{"line":21,"column":20},"end":{"line":21,"column":36}},"9":{"start":{"line":22,"column":6},"end":{"line":22,"column":32}},"10":{"start":{"line":23,"column":6},"end":{"line":23,"column":20}},"11":{"start":{"line":24,"column":6},"end":{"line":24,"column":52}},"12":{"start":{"line":27,"column":2},"end":{"line":27,"column":28}},"13":{"start":{"line":128,"column":2},"end":{"line":128,"column":13}},"14":{"start":{"line":44,"column":15},"end":{"line":44,"column":24}},"15":{"start":{"line":45,"column":2},"end":{"line":45,"column":30}},"16":{"start":{"line":46,"column":2},"end":{"line":46,"column":null}},"17":{"start":{"line":46,"column":35},"end":{"line":46,"column":73}},"18":{"start":{"line":47,"column":2},"end":{"line":51,"column":null}},"19":{"start":{"line":48,"column":4},"end":{"line":50,"column":null}},"20":{"start":{"line":49,"column":6},"end":{"line":49,"column":71}},"21":{"start":{"line":52,"column":2},"end":{"line":52,"column":null}},"22":{"start":{"line":52,"column":29},"end":{"line":52,"column":88}},"23":{"start":{"line":53,"column":2},"end":{"line":53,"column":null}},"24":{"start":{"line":53,"column":55},"end":{"line":53,"column":131}},"25":{"start":{"line":54,"column":2},"end":{"line":56,"column":null}},"26":{"start":{"line":55,"column":4},"end":{"line":55,"column":80}},"27":{"start":{"line":57,"column":18},"end":{"line":57,"column":38}},"28":{"start":{"line":58,"column":2},"end":{"line":58,"column":38}},"29":{"start":{"line":59,"column":2},"end":{"line":59,"column":43}},"30":{"start":{"line":60,"column":2},"end":{"line":62,"column":null}},"31":{"start":{"line":61,"column":4},"end":{"line":61,"column":39}},"32":{"start":{"line":63,"column":2},"end":{"line":71,"column":null}},"33":{"start":{"line":64,"column":18},"end":{"line":64,"column":20}},"34":{"start":{"line":65,"column":4},"end":{"line":67,"column":null}},"35":{"start":{"line":66,"column":6},"end":{"line":66,"column":16}},"36":{"start":{"line":68,"column":4},"end":{"line":70,"column":null}},"37":{"start":{"line":69,"column":6},"end":{"line":69,"column":35}},"38":{"start":{"line":72,"column":21},"end":{"line":72,"column":38}},"39":{"start":{"line":73,"column":26},"end":{"line":73,"column":27}},"40":{"start":{"line":74,"column":2},"end":{"line":78,"column":null}},"41":{"start":{"line":75,"column":4},"end":{"line":75,"column":26}},"42":{"start":{"line":77,"column":4},"end":{"line":77,"column":26}},"43":{"start":{"line":79,"column":16},"end":{"line":79,"column":32}},"44":{"start":{"line":80,"column":15},"end":{"line":90,"column":4}},"45":{"start":{"line":91,"column":2},"end":{"line":91,"column":24}},"46":{"start":{"line":92,"column":2},"end":{"line":92,"column":16}},"47":{"start":{"line":93,"column":2},"end":{"line":93,"column":50}},"48":{"start":{"line":129,"column":2},"end":{"line":129,"column":16}},"49":{"start":{"line":97,"column":2},"end":{"line":97,"column":46}},"50":{"start":{"line":101,"column":2},"end":{"line":101,"column":43}},"51":{"start":{"line":113,"column":15},"end":{"line":113,"column":24}},"52":{"start":{"line":115,"column":2},"end":{"line":123,"column":null}},"53":{"start":{"line":115,"column":27},"end":{"line":115,"column":53}},"54":{"start":{"line":116,"column":18},"end":{"line":116,"column":90}},"55":{"start":{"line":116,"column":39},"end":{"line":116,"column":65}},"56":{"start":{"line":117,"column":4},"end":{"line":122,"column":null}},"57":{"start":{"line":118,"column":6},"end":{"line":118,"column":81}},"58":{"start":{"line":118,"column":27},"end":{"line":118,"column":53}},"59":{"start":{"line":119,"column":6},"end":{"line":119,"column":102}},"60":{"start":{"line":119,"column":27},"end":{"line":119,"column":70}},"61":{"start":{"line":120,"column":6},"end":{"line":120,"column":20}},"62":{"start":{"line":121,"column":6},"end":{"line":121,"column":16}},"63":{"start":{"line":124,"column":2},"end":{"line":124,"column":40}},"64":{"start":{"line":130,"column":2},"end":{"line":130,"column":14}},"65":{"start":{"line":134,"column":2},"end":{"line":134,"column":69}},"66":{"start":{"line":133,"column":0},"end":{"line":133,"column":16}},"67":{"start":{"line":137,"column":17},"end":{"line":137,"column":55}},"68":{"start":{"line":138,"column":2},"end":{"line":138,"column":30}},"69":{"start":{"line":136,"column":0},"end":{"line":136,"column":16}}},"fnMap":{"0":{"name":"authLoginV1","decl":{"start":{"line":16,"column":9},"end":{"line":16,"column":20}},"loc":{"start":{"line":16,"column":52},"end":{"line":28,"column":1}}},"1":{"name":"authRegisterV1","decl":{"start":{"line":43,"column":9},"end":{"line":43,"column":23}},"loc":{"start":{"line":43,"column":92},"end":{"line":94,"column":1}}},"2":{"name":"randomNumber","decl":{"start":{"line":96,"column":9},"end":{"line":96,"column":21}},"loc":{"start":{"line":96,"column":21},"end":{"line":98,"column":1}}},"3":{"name":"tokenGenerator","decl":{"start":{"line":100,"column":9},"end":{"line":100,"column":23}},"loc":{"start":{"line":100,"column":23},"end":{"line":102,"column":1}}},"4":{"name":"authLogoutV1","decl":{"start":{"line":112,"column":9},"end":{"line":112,"column":21}},"loc":{"start":{"line":112,"column":35},"end":{"line":125,"column":1}}},"5":{"name":"(anonymous_6)","decl":{"start":{"line":115,"column":22},"end":{"line":115,"column":23}},"loc":{"start":{"line":115,"column":27},"end":{"line":115,"column":53}}},"6":{"name":"(anonymous_7)","decl":{"start":{"line":116,"column":34},"end":{"line":116,"column":35}},"loc":{"start":{"line":116,"column":39},"end":{"line":116,"column":65}}},"7":{"name":"(anonymous_8)","decl":{"start":{"line":118,"column":22},"end":{"line":118,"column":23}},"loc":{"start":{"line":118,"column":27},"end":{"line":118,"column":53}}},"8":{"name":"(anonymous_9)","decl":{"start":{"line":119,"column":22},"end":{"line":119,"column":23}},"loc":{"start":{"line":119,"column":27},"end":{"line":119,"column":70}}},"9":{"name":"hash","decl":{"start":{"line":133,"column":16},"end":{"line":133,"column":20}},"loc":{"start":{"line":133,"column":38},"end":{"line":135,"column":1}}},"10":{"name":"tokenHasher","decl":{"start":{"line":136,"column":16},"end":{"line":136,"column":27}},"loc":{"start":{"line":136,"column":41},"end":{"line":139,"column":1}}}},"branchMap":{"0":{"loc":{"start":{"line":20,"column":4},"end":{"line":25,"column":null}},"type":"if","locations":[{"start":{"line":20,"column":4},"end":{"line":25,"column":null}}]},"1":{"loc":{"start":{"line":20,"column":8},"end":{"line":20,"column":64}},"type":"binary-expr","locations":[{"start":{"line":20,"column":8},"end":{"line":20,"column":28}},{"start":{"line":20,"column":32},"end":{"line":20,"column":64}}]},"2":{"loc":{"start":{"line":46,"column":2},"end":{"line":46,"column":null}},"type":"if","locations":[{"start":{"line":46,"column":2},"end":{"line":46,"column":null}}]},"3":{"loc":{"start":{"line":48,"column":4},"end":{"line":50,"column":null}},"type":"if","locations":[{"start":{"line":48,"column":4},"end":{"line":50,"column":null}}]},"4":{"loc":{"start":{"line":52,"column":2},"end":{"line":52,"column":null}},"type":"if","locations":[{"start":{"line":52,"column":2},"end":{"line":52,"column":null}}]},"5":{"loc":{"start":{"line":53,"column":2},"end":{"line":53,"column":null}},"type":"if","locations":[{"start":{"line":53,"column":2},"end":{"line":53,"column":null}}]},"6":{"loc":{"start":{"line":53,"column":6},"end":{"line":53,"column":51}},"type":"binary-expr","locations":[{"start":{"line":53,"column":6},"end":{"line":53,"column":26}},{"start":{"line":53,"column":30},"end":{"line":53,"column":51}}]},"7":{"loc":{"start":{"line":54,"column":2},"end":{"line":56,"column":null}},"type":"if","locations":[{"start":{"line":54,"column":2},"end":{"line":56,"column":null}}]},"8":{"loc":{"start":{"line":54,"column":6},"end":{"line":54,"column":49}},"type":"binary-expr","locations":[{"start":{"line":54,"column":6},"end":{"line":54,"column":25}},{"start":{"line":54,"column":29},"end":{"line":54,"column":49}}]},"9":{"loc":{"start":{"line":60,"column":2},"end":{"line":62,"column":null}},"type":"if","locations":[{"start":{"line":60,"column":2},"end":{"line":62,"column":null}}]},"10":{"loc":{"start":{"line":65,"column":4},"end":{"line":67,"column":null}},"type":"if","locations":[{"start":{"line":65,"column":4},"end":{"line":67,"column":null}}]},"11":{"loc":{"start":{"line":68,"column":4},"end":{"line":70,"column":null}},"type":"if","locations":[{"start":{"line":68,"column":4},"end":{"line":70,"column":null}}]},"12":{"loc":{"start":{"line":74,"column":2},"end":{"line":78,"column":null}},"type":"if","locations":[{"start":{"line":74,"column":2},"end":{"line":78,"column":null}},{"start":{"line":76,"column":9},"end":{"line":78,"column":null}}]},"13":{"loc":{"start":{"line":115,"column":2},"end":{"line":123,"column":null}},"type":"if","locations":[{"start":{"line":115,"column":2},"end":{"line":123,"column":null}}]},"14":{"loc":{"start":{"line":117,"column":4},"end":{"line":122,"column":null}},"type":"if","locations":[{"start":{"line":117,"column":4},"end":{"line":122,"column":null}}]}},"s":{"0":3,"1":3,"2":3,"3":3,"4":0,"5":0,"6":0,"7":0,"8":0,"9":0,"10":0,"11":0,"12":0,"13":3,"14":0,"15":0,"16":0,"17":0,"18":0,"19":0,"20":0,"21":0,"22":0,"23":0,"24":0,"25":0,"26":0,"27":0,"28":0,"29":0,"30":0,"31":0,"32":0,"33":0,"34":0,"35":0,"36":0,"37":0,"38":0,"39":0,"40":0,"41":0,"42":0,"43":0,"44":0,"45":0,"46":0,"47":0,"48":3,"49":0,"50":0,"51":0,"52":0,"53":0,"54":0,"55":0,"56":0,"57":0,"58":0,"59":0,"60":0,"61":0,"62":0,"63":0,"64":3,"65":22,"66":3,"67":10,"68":10,"69":3},"f":{"0":0,"1":0,"2":0,"3":0,"4":0,"5":0,"6":0,"7":0,"8":0,"9":22,"10":10},"b":{"0":[0],"1":[0,0],"2":[0],"3":[0],"4":[0],"5":[0],"6":[0,0],"7":[0],"8":[0,0],"9":[0],"10":[0],"11":[0],"12":[0,0],"13":[0],"14":[0]}}
,"/import/adams/2/z5364841/COMP1531/project-backend/src/dataStore.ts": {"path":"/import/adams/2/z5364841/COMP1531/project-backend/src/dataStore.ts","statementMap":{"0":{"start":{"line":1,"column":0},"end":{"line":1,"column":20}},"1":{"start":{"line":3,"column":13},"end":{"line":6,"column":1}},"2":{"start":{"line":4,"column":18},"end":{"line":4,"column":38}},"3":{"start":{"line":5,"column":2},"end":{"line":5,"column":47}},"4":{"start":{"line":8,"column":13},"end":{"line":13,"column":1}},"5":{"start":{"line":9,"column":2},"end":{"line":12,"column":null}},"6":{"start":{"line":10,"column":18},"end":{"line":10,"column":52}},"7":{"start":{"line":11,"column":4},"end":{"line":11,"column":37}},"8":{"start":{"line":84,"column":17},"end":{"line":90,"column":2}},"9":{"start":{"line":110,"column":2},"end":{"line":110,"column":9}},"10":{"start":{"line":111,"column":2},"end":{"line":111,"column":14}},"11":{"start":{"line":121,"column":9},"end":{"line":121,"column":16}},"12":{"start":{"line":117,"column":2},"end":{"line":117,"column":17}},"13":{"start":{"line":118,"column":2},"end":{"line":118,"column":9}},"14":{"start":{"line":121,"column":18},"end":{"line":121,"column":25}}},"fnMap":{"0":{"name":"(anonymous_1)","decl":{"start":{"line":3,"column":13},"end":{"line":3,"column":16}},"loc":{"start":{"line":3,"column":18},"end":{"line":6,"column":1}}},"1":{"name":"(anonymous_2)","decl":{"start":{"line":8,"column":13},"end":{"line":8,"column":16}},"loc":{"start":{"line":8,"column":18},"end":{"line":13,"column":1}}},"2":{"name":"getData","decl":{"start":{"line":109,"column":9},"end":{"line":109,"column":16}},"loc":{"start":{"line":109,"column":16},"end":{"line":112,"column":1}}},"3":{"name":"setData","decl":{"start":{"line":116,"column":9},"end":{"line":116,"column":16}},"loc":{"start":{"line":116,"column":24},"end":{"line":119,"column":1}}}},"branchMap":{"0":{"loc":{"start":{"line":9,"column":2},"end":{"line":12,"column":null}},"type":"if","locations":[{"start":{"line":9,"column":2},"end":{"line":12,"column":null}}]}},"s":{"0":3,"1":3,"2":0,"3":0,"4":3,"5":0,"6":0,"7":0,"8":3,"9":0,"10":0,"11":3,"12":0,"13":0,"14":3},"f":{"0":0,"1":0,"2":0,"3":0},"b":{"0":[0]}}
}
