TN:
SF:src/auth.ts
FN:16,authLoginV1
FN:43,authRegisterV1
FN:96,randomNumber
FN:100,tokenGenerator
FN:112,authLogoutV1
FN:115,(anonymous_6)
FN:116,(anonymous_7)
FN:118,(anonymous_8)
FN:119,(anonymous_9)
FN:133,hash
FN:136,tokenHasher
FNF:11
FNH:2
FNDA:0,authLoginV1
FNDA:0,authRegisterV1
FNDA:0,randomNumber
FNDA:0,tokenGenerator
FNDA:0,authLogoutV1
FNDA:0,(anonymous_6)
FNDA:0,(anonymous_7)
FNDA:0,(anonymous_8)
FNDA:0,(anonymous_9)
FNDA:22,hash
FNDA:10,tokenHasher
DA:1,3
DA:2,3
DA:3,3
DA:4,3
DA:17,0
DA:18,0
DA:19,0
DA:20,0
DA:21,0
DA:22,0
DA:23,0
DA:24,0
DA:27,0
DA:44,0
DA:45,0
DA:46,0
DA:47,0
DA:48,0
DA:49,0
DA:52,0
DA:53,0
DA:54,0
DA:55,0
DA:57,0
DA:58,0
DA:59,0
DA:60,0
DA:61,0
DA:63,0
DA:64,0
DA:65,0
DA:66,0
DA:68,0
DA:69,0
DA:72,0
DA:73,0
DA:74,0
DA:75,0
DA:77,0
DA:79,0
DA:80,0
DA:91,0
DA:92,0
DA:93,0
DA:97,0
DA:101,0
DA:113,0
DA:115,0
DA:116,0
DA:117,0
DA:118,0
DA:119,0
DA:120,0
DA:121,0
DA:124,0
DA:128,3
DA:129,3
DA:130,3
DA:133,3
DA:134,22
DA:136,3
DA:137,10
DA:138,10
LF:63
LH:12
BRDA:20,0,0,0
BRDA:20,1,0,0
BRDA:20,1,1,0
BRDA:46,2,0,0
BRDA:48,3,0,0
BRDA:52,4,0,0
BRDA:53,5,0,0
BRDA:53,6,0,0
BRDA:53,6,1,0
BRDA:54,7,0,0
BRDA:54,8,0,0
BRDA:54,8,1,0
BRDA:60,9,0,0
BRDA:65,10,0,0
BRDA:68,11,0,0
BRDA:74,12,0,0
BRDA:74,12,1,0
BRDA:115,13,0,0
BRDA:117,14,0,0
BRF:19
BRH:0
end_of_record
TN:
SF:src/dataStore.ts
FN:3,(anonymous_1)
FN:8,(anonymous_2)
FN:109,getData
FN:116,setData
FNF:4
FNH:0
FNDA:0,(anonymous_1)
FNDA:0,(anonymous_2)
FNDA:0,getData
FNDA:0,setData
DA:1,3
DA:3,3
DA:4,0
DA:5,0
DA:8,3
DA:9,0
DA:10,0
DA:11,0
DA:84,3
DA:110,0
DA:111,0
DA:117,0
DA:118,0
DA:121,3
LF:14
LH:5
BRDA:9,0,0,0
BRF:1
BRH:0
end_of_record
